<?xml version="1.0" encoding="UTF-8" ?>
<testsuite tests="5" failures="0" name="fizzbuzz.RunCucumberTest" time="0.255" errors="0" skipped="5">
  <properties>
[...]
</properties>
  <testcase classname="Obtain the right result based on the parameters" name="No parameters are sent" time="0.191">
    <skipped/>
    <system-out>
Scenario: No parameters are sent &amp;#27;[90m# fizzbuzz/FizzBuzz.feature:4&amp;#27;[0m
  &amp;#27;[33mGiven &amp;#27;[0m&amp;#27;[33mwe send no params&amp;#27;[0m        &amp;#27;[90m# null&amp;#27;[0m
  &amp;#27;[33mWhen &amp;#27;[0m&amp;#27;[33mwe call fizzbuzz app&amp;#27;[0m      &amp;#27;[90m# null&amp;#27;[0m
  &amp;#27;[33mThen &amp;#27;[0m&amp;#27;[33mwe should see nothing&amp;#27;[0m     &amp;#27;[90m# null&amp;#27;[0m
</system-out>
    <system-err>Mar 25, 2020 12:15:10 PM io.cucumber.junit.Cucumber &lt;init&gt;
WARNING: By default Cucumber is running in --non-strict mode.
This default will change to --strict and --non-strict will be removed.
You can use --strict or @CucumberOptions(strict = true) to suppress this warning
</system-err>
  </testcase>
  <testcase classname="Obtain the right result based on the parameters" name="Only three or multiple of three are sent" time="0.024">
    <skipped/>
    <system-out>
Scenario: Only three or multiple of three are sent &amp;#27;[90m# fizzbuzz/FizzBuzz.feature:9&amp;#27;[0m
  &amp;#27;[33mGiven &amp;#27;[0m&amp;#27;[33mwe send &quot;3 6 9 12&quot;&amp;#27;[0m                         &amp;#27;[90m# null&amp;#27;[0m
  &amp;#27;[33mWhen &amp;#27;[0m&amp;#27;[33mwe call fizzbuzz app&amp;#27;[0m                        &amp;#27;[90m# null&amp;#27;[0m
  &amp;#27;[33mThen &amp;#27;[0m&amp;#27;[33mwe should see &quot;Fizz,Fizz,Fizz,Fizz&quot;&amp;#27;[0m         &amp;#27;[90m# null&amp;#27;[0m
</system-out>
  </testcase>
  <testcase classname="Obtain the right result based on the parameters" name="Only five or multiple of five are sent" time="0.02">
    <skipped/>
    <system-out>
Scenario: Only five or multiple of five are sent &amp;#27;[90m# fizzbuzz/FizzBuzz.feature:14&amp;#27;[0m
  &amp;#27;[33mGiven &amp;#27;[0m&amp;#27;[33mwe send &quot;5 10 20 40&quot;&amp;#27;[0m                     &amp;#27;[90m# null&amp;#27;[0m
  &amp;#27;[33mWhen &amp;#27;[0m&amp;#27;[33mwe call fizzbuzz app&amp;#27;[0m                      &amp;#27;[90m# null&amp;#27;[0m
  &amp;#27;[33mThen &amp;#27;[0m&amp;#27;[33mwe should see &quot;Buzz,Buzz,Buzz,Buzz&quot;&amp;#27;[0m       &amp;#27;[90m# null&amp;#27;[0m
</system-out>
  </testcase>
  <testcase classname="Obtain the right result based on the parameters" name="Only non multiples of three and five are sent" time="0.01">
    <skipped/>
    <system-out>
Scenario: Only non multiples of three and five are sent &amp;#27;[90m# fizzbuzz/FizzBuzz.feature:19&amp;#27;[0m
  &amp;#27;[33mGiven &amp;#27;[0m&amp;#27;[33mwe send &quot;1 2 4 7 13&quot;&amp;#27;[0m                            &amp;#27;[90m# null&amp;#27;[0m
  &amp;#27;[33mWhen &amp;#27;[0m&amp;#27;[33mwe call fizzbuzz app&amp;#27;[0m                             &amp;#27;[90m# null&amp;#27;[0m
  &amp;#27;[33mThen &amp;#27;[0m&amp;#27;[33mwe should see &quot;1,2,4,7,13&quot;&amp;#27;[0m                       &amp;#27;[90m# null&amp;#27;[0m
</system-out>
  </testcase>
  <testcase classname="Obtain the right result based on the parameters" name="All types of numbers are sent" time="0.01">
    <skipped/>
    <system-out>
Scenario: All types of numbers are sent                 &amp;#27;[90m# fizzbuzz/FizzBuzz.feature:24&amp;#27;[0m
  &amp;#27;[33mGiven &amp;#27;[0m&amp;#27;[33mwe send &quot;1 3 5 7 9 15 25&quot;&amp;#27;[0m                       &amp;#27;[90m# null&amp;#27;[0m
  &amp;#27;[33mWhen &amp;#27;[0m&amp;#27;[33mwe call fizzbuzz app&amp;#27;[0m                             &amp;#27;[90m# null&amp;#27;[0m
  &amp;#27;[33mThen &amp;#27;[0m&amp;#27;[33mwe should see &quot;1,Fizz,Buzz,7,Fizz,FizzBuzz,Buzz&quot;&amp;#27;[0m &amp;#27;[90m# null&amp;#27;[0m
</system-out>
  </testcase>
</testsuite>